[==========] Running 2 tests from 1 test suite.
[----------] Global test environment set-up.
[----------] 2 tests from UnsortedListTest
[ RUN      ] UnsortedListTest.CompareUnsortedListTest
[       OK ] UnsortedListTest.CompareUnsortedListTest (0 ms)
[ RUN      ] UnsortedListTest.CompareSortedListTest
[       OK ] UnsortedListTest.CompareSortedListTest (0 ms)
[----------] 2 tests from UnsortedListTest (0 ms total)

[----------] Global test environment tear-down
[==========] 2 tests from 1 test suite ran. (0 ms total)
[  PASSED  ] 2 tests.
